0 info it worked if it ends with ok
1 verbose cli [ '/home/sam/.nvm/versions/node/v6.11.4/bin/node',
1 verbose cli   '/home/sam/.nvm/versions/node/v6.11.4/bin/npm',
1 verbose cli   'run',
1 verbose cli   'populateDB' ]
2 info using npm@3.10.10
3 info using node@v6.11.4
4 verbose run-script [ 'prepopulateDB', 'populateDB', 'postpopulateDB' ]
5 info lifecycle shoe-shop@1.0.0~prepopulateDB: shoe-shop@1.0.0
6 silly lifecycle shoe-shop@1.0.0~prepopulateDB: no script for prepopulateDB, continuing
7 info lifecycle shoe-shop@1.0.0~populateDB: shoe-shop@1.0.0
8 verbose lifecycle shoe-shop@1.0.0~populateDB: unsafe-perm in lifecycle true
9 verbose lifecycle shoe-shop@1.0.0~populateDB: PATH: /home/sam/.nvm/versions/node/v6.11.4/lib/node_modules/npm/bin/node-gyp-bin:/home/sam/Desktop/ANDDigital/App/node_modules/.bin:/home/sam/.nvm/versions/node/v6.11.4/bin:/home/sam/bin:/home/sam/.local/bin:/home/sam/bin:/home/sam/.local/bin:/usr/local/sbin:/usr/local/bin:/usr/sbin:/usr/bin:/sbin:/bin:/usr/games:/usr/local/games:/snap/bin
10 verbose lifecycle shoe-shop@1.0.0~populateDB: CWD: /home/sam/Desktop/ANDDigital/App
11 silly lifecycle shoe-shop@1.0.0~populateDB: Args: [ '-c', 'node -e \'require("./database/init").init()\'' ]
12 silly lifecycle shoe-shop@1.0.0~populateDB: Returned: code: 1  signal: null
13 info lifecycle shoe-shop@1.0.0~populateDB: Failed to exec populateDB script
14 verbose stack Error: shoe-shop@1.0.0 populateDB: `node -e 'require("./database/init").init()'`
14 verbose stack Exit status 1
14 verbose stack     at EventEmitter.<anonymous> (/home/sam/.nvm/versions/node/v6.11.4/lib/node_modules/npm/lib/utils/lifecycle.js:255:16)
14 verbose stack     at emitTwo (events.js:106:13)
14 verbose stack     at EventEmitter.emit (events.js:191:7)
14 verbose stack     at ChildProcess.<anonymous> (/home/sam/.nvm/versions/node/v6.11.4/lib/node_modules/npm/lib/utils/spawn.js:40:14)
14 verbose stack     at emitTwo (events.js:106:13)
14 verbose stack     at ChildProcess.emit (events.js:191:7)
14 verbose stack     at maybeClose (internal/child_process.js:920:16)
14 verbose stack     at Process.ChildProcess._handle.onexit (internal/child_process.js:230:5)
15 verbose pkgid shoe-shop@1.0.0
16 verbose cwd /home/sam/Desktop/ANDDigital/App
17 error Linux 4.13.0-32-generic
18 error argv "/home/sam/.nvm/versions/node/v6.11.4/bin/node" "/home/sam/.nvm/versions/node/v6.11.4/bin/npm" "run" "populateDB"
19 error node v6.11.4
20 error npm  v3.10.10
21 error code ELIFECYCLE
22 error shoe-shop@1.0.0 populateDB: `node -e 'require("./database/init").init()'`
22 error Exit status 1
23 error Failed at the shoe-shop@1.0.0 populateDB script 'node -e 'require("./database/init").init()''.
23 error Make sure you have the latest version of node.js and npm installed.
23 error If you do, this is most likely a problem with the shoe-shop package,
23 error not with npm itself.
23 error Tell the author that this fails on your system:
23 error     node -e 'require("./database/init").init()'
23 error You can get information on how to open an issue for this project with:
23 error     npm bugs shoe-shop
23 error Or if that isn't available, you can get their info via:
23 error     npm owner ls shoe-shop
23 error There is likely additional logging output above.
24 verbose exit [ 1, true ]
